<?xml version="1.0" encoding="UTF-8"?>
<testsuites name="jest tests" tests="1" failures="0" errors="0" time="6.997">
  <testsuite name="Create Tour" errors="0" failures="0" skipped="0" timestamp="2025-05-12T02:22:24" time="6.233" tests="1">
    <testcase classname="Create Tour should create a user successfully" name="Create Tour should create a user successfully" time="0.779">
    </testcase>
  </testsuite>
</testsuites>